# JRE version: OpenJDK Runtime Environment Homebrew (11.0.25) (build 11.0.25+0)
# Java VM: OpenJDK 64-Bit Server VM Homebrew (11.0.25+0, mixed mode, tiered, compressed oops, g1 gc, bsd-aarch64)
Heap:
 garbage-first heap   total 315392K, used 114761K [0x00000006c0000000, 0x00000007c0000000)
  region size 1024K, 81 young (82944K), 17 survivors (17408K)
 Metaspace       used 82214K, capacity 88368K, committed 88704K, reserved 1122304K
  class space    used 13034K, capacity 16428K, committed 16512K, reserved 1048576K
GC Heap History (12 events):
Event: 0.279 GC heap before
{Heap before GC invocations=0 (full 0):
 garbage-first heap   total 262144K, used 23552K [0x00000006c0000000, 0x00000007c0000000)
  region size 1024K, 24 young (24576K), 0 survivors (0K)
 Metaspace       used 12502K, capacity 12995K, committed 13184K, reserved 1060864K
  class space    used 1245K, capacity 1357K, committed 1408K, reserved 1048576K
}
Event: 0.281 GC heap after
{Heap after GC invocations=1 (full 0):
 garbage-first heap   total 262144K, used 3015K [0x00000006c0000000, 0x00000007c0000000)
  region size 1024K, 3 young (3072K), 3 survivors (3072K)
 Metaspace       used 12502K, capacity 12995K, committed 13184K, reserved 1060864K
  class space    used 1245K, capacity 1357K, committed 1408K, reserved 1048576K
}
Event: 0.449 GC heap before
{Heap before GC invocations=1 (full 0):
 garbage-first heap   total 262144K, used 33735K [0x00000006c0000000, 0x00000007c0000000)
  region size 1024K, 35 young (35840K), 3 survivors (3072K)
 Metaspace       used 20584K, capacity 21224K, committed 21504K, reserved 1069056K
  class space    used 2326K, capacity 2467K, committed 2560K, reserved 1048576K
}
Event: 0.452 GC heap after
{Heap after GC invocations=2 (full 0):
 garbage-first heap   total 262144K, used 6975K [0x00000006c0000000, 0x00000007c0000000)
  region size 1024K, 7 young (7168K), 7 survivors (7168K)
 Metaspace       used 20584K, capacity 21224K, committed 21504K, reserved 1069056K
  class space    used 2326K, capacity 2467K, committed 2560K, reserved 1048576K
}
Event: 0.621 GC heap before
{Heap before GC invocations=3 (full 0):
 garbage-first heap   total 262144K, used 52031K [0x00000006c0000000, 0x00000007c0000000)
  region size 1024K, 52 young (53248K), 7 survivors (7168K)
 Metaspace       used 32919K, capacity 34103K, committed 34432K, reserved 1079296K
  class space    used 4129K, capacity 4635K, committed 4736K, reserved 1048576K
}
Event: 0.625 GC heap after
{Heap after GC invocations=4 (full 0):
 garbage-first heap   total 262144K, used 9322K [0x00000006c0000000, 0x00000007c0000000)
  region size 1024K, 3 young (3072K), 3 survivors (3072K)
 Metaspace       used 32919K, capacity 34103K, committed 34432K, reserved 1079296K
  class space    used 4129K, capacity 4635K, committed 4736K, reserved 1048576K
}
Event: 0.652 GC heap before
{Heap before GC invocations=4 (full 0):
 garbage-first heap   total 262144K, used 17514K [0x00000006c0000000, 0x00000007c0000000)
  region size 1024K, 12 young (12288K), 3 survivors (3072K)
 Metaspace       used 34629K, capacity 35837K, committed 35840K, reserved 1081344K
  class space    used 4434K, capacity 4992K, committed 4992K, reserved 1048576K
}
Event: 0.654 GC heap after
{Heap after GC invocations=5 (full 0):
 garbage-first heap   total 262144K, used 9614K [0x00000006c0000000, 0x00000007c0000000)
  region size 1024K, 3 young (3072K), 3 survivors (3072K)
 Metaspace       used 34629K, capacity 35837K, committed 35840K, reserved 1081344K
  class space    used 4434K, capacity 4992K, committed 4992K, reserved 1048576K
}
Event: 1.087 GC heap before
{Heap before GC invocations=6 (full 0):
 garbage-first heap   total 262144K, used 108942K [0x00000006c0000000, 0x00000007c0000000)
  region size 1024K, 101 young (103424K), 3 survivors (3072K)
 Metaspace       used 57619K, capacity 60628K, committed 60704K, reserved 1099776K
  class space    used 8194K, capacity 9939K, committed 9984K, reserved 1048576K
}
Event: 1.093 GC heap after
{Heap after GC invocations=7 (full 0):
 garbage-first heap   total 315392K, used 17438K [0x00000006c0000000, 0x00000007c0000000)
  region size 1024K, 11 young (11264K), 11 survivors (11264K)
 Metaspace       used 57619K, capacity 60628K, committed 60704K, reserved 1099776K
  class space    used 8194K, capacity 9939K, committed 9984K, reserved 1048576K
}
Event: 2.000 GC heap before
{Heap before GC invocations=8 (full 0):
 garbage-first heap   total 315392K, used 181278K [0x00000006c0000000, 0x00000007c0000000)
  region size 1024K, 139 young (142336K), 11 survivors (11264K)
 Metaspace       used 75462K, capacity 80936K, committed 81280K, reserved 1116160K
  class space    used 11841K, capacity 14854K, committed 14976K, reserved 1048576K
}
Event: 2.013 GC heap after
{Heap after GC invocations=9 (full 0):
 garbage-first heap   total 315392K, used 44105K [0x00000006c0000000, 0x00000007c0000000)
  region size 1024K, 17 young (17408K), 17 survivors (17408K)
 Metaspace       used 75462K, capacity 80936K, committed 81280K, reserved 1116160K
  class space    used 11841K, capacity 14854K, committed 14976K, reserved 1048576K
}

