# JRE version: OpenJDK Runtime Environment Homebrew (11.0.25) (build 11.0.25+0)
# Java VM: OpenJDK 64-Bit Server VM Homebrew (11.0.25+0, mixed mode, tiered, compressed oops, g1 gc, bsd-aarch64)
Heap:
 garbage-first heap   total 315392K, used 37554K [0x00000006c0000000, 0x00000007c0000000)
  region size 1024K, 23 young (23552K), 14 survivors (14336K)
 Metaspace       used 83811K, capacity 90673K, committed 90736K, reserved 1122304K
  class space    used 13611K, capacity 17401K, committed 17408K, reserved 1048576K
GC Heap History (16 events):
Event: 0.281 GC heap before
{Heap before GC invocations=0 (full 0):
 garbage-first heap   total 262144K, used 23552K [0x00000006c0000000, 0x00000007c0000000)
  region size 1024K, 24 young (24576K), 0 survivors (0K)
 Metaspace       used 12503K, capacity 12995K, committed 13184K, reserved 1060864K
  class space    used 1245K, capacity 1357K, committed 1408K, reserved 1048576K
}
Event: 0.283 GC heap after
{Heap after GC invocations=1 (full 0):
 garbage-first heap   total 262144K, used 2988K [0x00000006c0000000, 0x00000007c0000000)
  region size 1024K, 3 young (3072K), 3 survivors (3072K)
 Metaspace       used 12503K, capacity 12995K, committed 13184K, reserved 1060864K
  class space    used 1245K, capacity 1357K, committed 1408K, reserved 1048576K
}
Event: 0.444 GC heap before
{Heap before GC invocations=1 (full 0):
 garbage-first heap   total 262144K, used 31660K [0x00000006c0000000, 0x00000007c0000000)
  region size 1024K, 33 young (33792K), 3 survivors (3072K)
 Metaspace       used 20342K, capacity 21014K, committed 21296K, reserved 1069056K
  class space    used 2251K, capacity 2401K, committed 2432K, reserved 1048576K
}
Event: 0.446 GC heap after
{Heap after GC invocations=2 (full 0):
 garbage-first heap   total 262144K, used 7048K [0x00000006c0000000, 0x00000007c0000000)
  region size 1024K, 7 young (7168K), 7 survivors (7168K)
 Metaspace       used 20342K, capacity 21014K, committed 21296K, reserved 1069056K
  class space    used 2251K, capacity 2401K, committed 2432K, reserved 1048576K
}
Event: 0.614 GC heap before
{Heap before GC invocations=3 (full 0):
 garbage-first heap   total 262144K, used 50056K [0x00000006c0000000, 0x00000007c0000000)
  region size 1024K, 50 young (51200K), 7 survivors (7168K)
 Metaspace       used 32098K, capacity 33237K, committed 33456K, reserved 1079296K
  class space    used 4049K, capacity 4540K, committed 4608K, reserved 1048576K
}
Event: 0.617 GC heap after
{Heap after GC invocations=4 (full 0):
 garbage-first heap   total 262144K, used 9471K [0x00000006c0000000, 0x00000007c0000000)
  region size 1024K, 7 young (7168K), 7 survivors (7168K)
 Metaspace       used 32098K, capacity 33237K, committed 33456K, reserved 1079296K
  class space    used 4049K, capacity 4540K, committed 4608K, reserved 1048576K
}
Event: 0.649 GC heap before
{Heap before GC invocations=4 (full 0):
 garbage-first heap   total 262144K, used 18687K [0x00000006c0000000, 0x00000007c0000000)
  region size 1024K, 17 young (17408K), 7 survivors (7168K)
 Metaspace       used 34293K, capacity 35625K, committed 35632K, reserved 1079296K
  class space    used 4395K, capacity 4987K, committed 4992K, reserved 1048576K
}
Event: 0.651 GC heap after
{Heap after GC invocations=5 (full 0):
 garbage-first heap   total 262144K, used 9732K [0x00000006c0000000, 0x00000007c0000000)
  region size 1024K, 3 young (3072K), 3 survivors (3072K)
 Metaspace       used 34293K, capacity 35625K, committed 35632K, reserved 1079296K
  class space    used 4395K, capacity 4987K, committed 4992K, reserved 1048576K
}
Event: 1.010 GC heap before
{Heap before GC invocations=6 (full 0):
 garbage-first heap   total 262144K, used 87556K [0x00000006c0000000, 0x00000007c0000000)
  region size 1024K, 79 young (80896K), 3 survivors (3072K)
 Metaspace       used 52712K, capacity 55559K, committed 55856K, reserved 1095680K
  class space    used 7555K, capacity 9072K, committed 9088K, reserved 1048576K
}
Event: 1.014 GC heap after
{Heap after GC invocations=7 (full 0):
 garbage-first heap   total 315392K, used 16318K [0x00000006c0000000, 0x00000007c0000000)
  region size 1024K, 10 young (10240K), 10 survivors (10240K)
 Metaspace       used 52712K, capacity 55559K, committed 55856K, reserved 1095680K
  class space    used 7555K, capacity 9072K, committed 9088K, reserved 1048576K
}
Event: 1.074 GC heap before
{Heap before GC invocations=7 (full 0):
 garbage-first heap   total 315392K, used 32702K [0x00000006c0000000, 0x00000007c0000000)
  region size 1024K, 27 young (27648K), 10 survivors (10240K)
 Metaspace       used 56764K, capacity 59733K, committed 59952K, reserved 1099776K
  class space    used 8054K, capacity 9730K, committed 9856K, reserved 1048576K
}
Event: 1.080 GC heap after
{Heap after GC invocations=8 (full 0):
 garbage-first heap   total 315392K, used 16953K [0x00000006c0000000, 0x00000007c0000000)
  region size 1024K, 8 young (8192K), 8 survivors (8192K)
 Metaspace       used 56764K, capacity 59733K, committed 59952K, reserved 1099776K
  class space    used 8054K, capacity 9730K, committed 9856K, reserved 1048576K
}
Event: 1.904 GC heap before
{Heap before GC invocations=9 (full 0):
 garbage-first heap   total 315392K, used 149049K [0x00000006c0000000, 0x00000007c0000000)
  region size 1024K, 138 young (141312K), 8 survivors (8192K)
 Metaspace       used 75823K, capacity 81415K, committed 81776K, reserved 1116160K
  class space    used 11917K, capacity 14987K, committed 15104K, reserved 1048576K
}
Event: 1.914 GC heap after
{Heap after GC invocations=10 (full 0):
 garbage-first heap   total 315392K, used 25507K [0x00000006c0000000, 0x00000007c0000000)
  region size 1024K, 17 young (17408K), 17 survivors (17408K)
 Metaspace       used 75823K, capacity 81415K, committed 81776K, reserved 1116160K
  class space    used 11917K, capacity 14987K, committed 15104K, reserved 1048576K
}
Event: 2.484 GC heap before
{Heap before GC invocations=11 (full 0):
 garbage-first heap   total 315392K, used 181155K [0x00000006c0000000, 0x00000007c0000000)
  region size 1024K, 170 young (174080K), 17 survivors (17408K)
 Metaspace       used 83700K, capacity 90482K, committed 90736K, reserved 1122304K
  class space    used 13585K, capacity 17337K, committed 17408K, reserved 1048576K
}
Event: 2.491 GC heap after
{Heap after GC invocations=12 (full 0):
 garbage-first heap   total 315392K, used 29362K [0x00000006c0000000, 0x00000007c0000000)
  region size 1024K, 14 young (14336K), 14 survivors (14336K)
 Metaspace       used 83700K, capacity 90482K, committed 90736K, reserved 1122304K
  class space    used 13585K, capacity 17337K, committed 17408K, reserved 1048576K
}

