# JRE version: OpenJDK Runtime Environment Homebrew (11.0.25) (build 11.0.25+0)
# Java VM: OpenJDK 64-Bit Server VM Homebrew (11.0.25+0, mixed mode, tiered, compressed oops, g1 gc, bsd-aarch64)
Heap:
 garbage-first heap   total 433152K, used 201838K [0x00000006c0000000, 0x00000007c0000000)
  region size 1024K, 123 young (125952K), 12 survivors (12288K)
 Metaspace       used 94081K, capacity 101356K, committed 101504K, reserved 1132544K
  class space    used 14922K, capacity 19007K, committed 19072K, reserved 1048576K
GC Heap History (18 events):
Event: 0.240 GC heap before
{Heap before GC invocations=0 (full 0):
 garbage-first heap   total 262144K, used 23552K [0x00000006c0000000, 0x00000007c0000000)
  region size 1024K, 24 young (24576K), 0 survivors (0K)
 Metaspace       used 12498K, capacity 12995K, committed 13184K, reserved 1060864K
  class space    used 1244K, capacity 1357K, committed 1408K, reserved 1048576K
}
Event: 0.241 GC heap after
{Heap after GC invocations=1 (full 0):
 garbage-first heap   total 262144K, used 2993K [0x00000006c0000000, 0x00000007c0000000)
  region size 1024K, 3 young (3072K), 3 survivors (3072K)
 Metaspace       used 12498K, capacity 12995K, committed 13184K, reserved 1060864K
  class space    used 1244K, capacity 1357K, committed 1408K, reserved 1048576K
}
Event: 0.402 GC heap before
{Heap before GC invocations=1 (full 0):
 garbage-first heap   total 262144K, used 33713K [0x00000006c0000000, 0x00000007c0000000)
  region size 1024K, 34 young (34816K), 3 survivors (3072K)
 Metaspace       used 20480K, capacity 21155K, committed 21296K, reserved 1069056K
  class space    used 2273K, capacity 2464K, committed 2560K, reserved 1048576K
}
Event: 0.404 GC heap after
{Heap after GC invocations=2 (full 0):
 garbage-first heap   total 262144K, used 6878K [0x00000006c0000000, 0x00000007c0000000)
  region size 1024K, 7 young (7168K), 7 survivors (7168K)
 Metaspace       used 20480K, capacity 21155K, committed 21296K, reserved 1069056K
  class space    used 2273K, capacity 2464K, committed 2560K, reserved 1048576K
}
Event: 0.557 GC heap before
{Heap before GC invocations=3 (full 0):
 garbage-first heap   total 262144K, used 50910K [0x00000006c0000000, 0x00000007c0000000)
  region size 1024K, 51 young (52224K), 7 survivors (7168K)
 Metaspace       used 32562K, capacity 33771K, committed 33920K, reserved 1079296K
  class space    used 4126K, capacity 4646K, committed 4736K, reserved 1048576K
}
Event: 0.561 GC heap after
{Heap after GC invocations=4 (full 0):
 garbage-first heap   total 262144K, used 9563K [0x00000006c0000000, 0x00000007c0000000)
  region size 1024K, 3 young (3072K), 3 survivors (3072K)
 Metaspace       used 32562K, capacity 33771K, committed 33920K, reserved 1079296K
  class space    used 4126K, capacity 4646K, committed 4736K, reserved 1048576K
}
Event: 0.590 GC heap before
{Heap before GC invocations=4 (full 0):
 garbage-first heap   total 262144K, used 17755K [0x00000006c0000000, 0x00000007c0000000)
  region size 1024K, 12 young (12288K), 3 survivors (3072K)
 Metaspace       used 34477K, capacity 35756K, committed 35840K, reserved 1079296K
  class space    used 4460K, capacity 5056K, committed 5120K, reserved 1048576K
}
Event: 0.591 GC heap after
{Heap after GC invocations=5 (full 0):
 garbage-first heap   total 262144K, used 9802K [0x00000006c0000000, 0x00000007c0000000)
  region size 1024K, 3 young (3072K), 3 survivors (3072K)
 Metaspace       used 34477K, capacity 35756K, committed 35840K, reserved 1079296K
  class space    used 4460K, capacity 5056K, committed 5120K, reserved 1048576K
}
Event: 0.867 GC heap before
{Heap before GC invocations=6 (full 0):
 garbage-first heap   total 262144K, used 87626K [0x00000006c0000000, 0x00000007c0000000)
  region size 1024K, 79 young (80896K), 3 survivors (3072K)
 Metaspace       used 52267K, capacity 55123K, committed 55296K, reserved 1095680K
  class space    used 7596K, capacity 9166K, committed 9216K, reserved 1048576K
}
Event: 0.872 GC heap after
{Heap after GC invocations=7 (full 0):
 garbage-first heap   total 315392K, used 16505K [0x00000006c0000000, 0x00000007c0000000)
  region size 1024K, 10 young (10240K), 10 survivors (10240K)
 Metaspace       used 52267K, capacity 55123K, committed 55296K, reserved 1095680K
  class space    used 7596K, capacity 9166K, committed 9216K, reserved 1048576K
}
Event: 0.964 GC heap before
{Heap before GC invocations=7 (full 0):
 garbage-first heap   total 315392K, used 38009K [0x00000006c0000000, 0x00000007c0000000)
  region size 1024K, 33 young (33792K), 10 survivors (10240K)
 Metaspace       used 56965K, capacity 60061K, committed 60160K, reserved 1099776K
  class space    used 8256K, capacity 10037K, committed 10112K, reserved 1048576K
}
Event: 0.970 GC heap after
{Heap after GC invocations=8 (full 0):
 garbage-first heap   total 315392K, used 18085K [0x00000006c0000000, 0x00000007c0000000)
  region size 1024K, 9 young (9216K), 9 survivors (9216K)
 Metaspace       used 56965K, capacity 60061K, committed 60160K, reserved 1099776K
  class space    used 8256K, capacity 10037K, committed 10112K, reserved 1048576K
}
Event: 1.766 GC heap before
{Heap before GC invocations=9 (full 0):
 garbage-first heap   total 315392K, used 154277K [0x00000006c0000000, 0x00000007c0000000)
  region size 1024K, 132 young (135168K), 9 survivors (9216K)
 Metaspace       used 75181K, capacity 80722K, committed 80896K, reserved 1116160K
  class space    used 11824K, capacity 14825K, committed 14848K, reserved 1048576K
}
Event: 1.777 GC heap after
{Heap after GC invocations=10 (full 0):
 garbage-first heap   total 315392K, used 37347K [0x00000006c0000000, 0x00000007c0000000)
  region size 1024K, 17 young (17408K), 17 survivors (17408K)
 Metaspace       used 75181K, capacity 80722K, committed 80896K, reserved 1116160K
  class space    used 11824K, capacity 14825K, committed 14848K, reserved 1048576K
}
Event: 2.305 GC heap before
{Heap before GC invocations=11 (full 0):
 garbage-first heap   total 315392K, used 217571K [0x00000006c0000000, 0x00000007c0000000)
  region size 1024K, 161 young (164864K), 17 survivors (17408K)
 Metaspace       used 82649K, capacity 88899K, committed 88960K, reserved 1122304K
  class space    used 13061K, capacity 16496K, committed 16512K, reserved 1048576K
}
Event: 2.315 GC heap after
{Heap after GC invocations=12 (full 0):
 garbage-first heap   total 315392K, used 36217K [0x00000006c0000000, 0x00000007c0000000)
  region size 1024K, 18 young (18432K), 18 survivors (18432K)
 Metaspace       used 82649K, capacity 88899K, committed 88960K, reserved 1122304K
  class space    used 13061K, capacity 16496K, committed 16512K, reserved 1048576K
}
Event: 2.531 GC heap before
{Heap before GC invocations=12 (full 0):
 garbage-first heap   total 315392K, used 233849K [0x00000006c0000000, 0x00000007c0000000)
  region size 1024K, 93 young (95232K), 18 survivors (18432K)
 Metaspace       used 86043K, capacity 92293K, committed 92544K, reserved 1124352K
  class space    used 13486K, capacity 16933K, committed 17024K, reserved 1048576K
}
Event: 2.542 GC heap after
{Heap after GC invocations=13 (full 0):
 garbage-first heap   total 433152K, used 36974K [0x00000006c0000000, 0x00000007c0000000)
  region size 1024K, 12 young (12288K), 12 survivors (12288K)
 Metaspace       used 86043K, capacity 92293K, committed 92544K, reserved 1124352K
  class space    used 13486K, capacity 16933K, committed 17024K, reserved 1048576K
}

