# JRE version: OpenJDK Runtime Environment Homebrew (11.0.25) (build 11.0.25+0)
# Java VM: OpenJDK 64-Bit Server VM Homebrew (11.0.25+0, mixed mode, tiered, compressed oops, g1 gc, bsd-aarch64)
Heap:
 garbage-first heap   total 315392K, used 75924K [0x00000006c0000000, 0x00000007c0000000)
  region size 1024K, 68 young (69632K), 9 survivors (9216K)
 Metaspace       used 66264K, capacity 70593K, committed 70720K, reserved 1107968K
  class space    used 9982K, capacity 12379K, committed 12416K, reserved 1048576K
GC Heap History (12 events):
Event: 0.243 GC heap before
{Heap before GC invocations=0 (full 0):
 garbage-first heap   total 262144K, used 23552K [0x00000006c0000000, 0x00000007c0000000)
  region size 1024K, 24 young (24576K), 0 survivors (0K)
 Metaspace       used 12492K, capacity 12995K, committed 13184K, reserved 1060864K
  class space    used 1245K, capacity 1357K, committed 1408K, reserved 1048576K
}
Event: 0.244 GC heap after
{Heap after GC invocations=1 (full 0):
 garbage-first heap   total 262144K, used 3159K [0x00000006c0000000, 0x00000007c0000000)
  region size 1024K, 3 young (3072K), 3 survivors (3072K)
 Metaspace       used 12492K, capacity 12995K, committed 13184K, reserved 1060864K
  class space    used 1245K, capacity 1357K, committed 1408K, reserved 1048576K
}
Event: 0.402 GC heap before
{Heap before GC invocations=1 (full 0):
 garbage-first heap   total 262144K, used 32855K [0x00000006c0000000, 0x00000007c0000000)
  region size 1024K, 34 young (34816K), 3 survivors (3072K)
 Metaspace       used 20463K, capacity 21181K, committed 21296K, reserved 1069056K
  class space    used 2252K, capacity 2432K, committed 2432K, reserved 1048576K
}
Event: 0.404 GC heap after
{Heap after GC invocations=2 (full 0):
 garbage-first heap   total 262144K, used 6940K [0x00000006c0000000, 0x00000007c0000000)
  region size 1024K, 7 young (7168K), 7 survivors (7168K)
 Metaspace       used 20463K, capacity 21181K, committed 21296K, reserved 1069056K
  class space    used 2252K, capacity 2432K, committed 2432K, reserved 1048576K
}
Event: 0.563 GC heap before
{Heap before GC invocations=3 (full 0):
 garbage-first heap   total 262144K, used 50972K [0x00000006c0000000, 0x00000007c0000000)
  region size 1024K, 51 young (52224K), 7 survivors (7168K)
 Metaspace       used 32470K, capacity 33614K, committed 33792K, reserved 1079296K
  class space    used 4082K, capacity 4584K, committed 4608K, reserved 1048576K
}
Event: 0.567 GC heap after
{Heap after GC invocations=4 (full 0):
 garbage-first heap   total 262144K, used 9187K [0x00000006c0000000, 0x00000007c0000000)
  region size 1024K, 3 young (3072K), 3 survivors (3072K)
 Metaspace       used 32470K, capacity 33614K, committed 33792K, reserved 1079296K
  class space    used 4082K, capacity 4584K, committed 4608K, reserved 1048576K
}
Event: 0.601 GC heap before
{Heap before GC invocations=4 (full 0):
 garbage-first heap   total 262144K, used 18403K [0x00000006c0000000, 0x00000007c0000000)
  region size 1024K, 13 young (13312K), 3 survivors (3072K)
 Metaspace       used 34652K, capacity 35964K, committed 36032K, reserved 1081344K
  class space    used 4478K, capacity 5070K, committed 5120K, reserved 1048576K
}
Event: 0.603 GC heap after
{Heap after GC invocations=5 (full 0):
 garbage-first heap   total 262144K, used 9411K [0x00000006c0000000, 0x00000007c0000000)
  region size 1024K, 3 young (3072K), 3 survivors (3072K)
 Metaspace       used 34652K, capacity 35964K, committed 36032K, reserved 1081344K
  class space    used 4478K, capacity 5070K, committed 5120K, reserved 1048576K
}
Event: 0.933 GC heap before
{Heap before GC invocations=6 (full 0):
 garbage-first heap   total 262144K, used 91331K [0x00000006c0000000, 0x00000007c0000000)
  region size 1024K, 83 young (84992K), 3 survivors (3072K)
 Metaspace       used 53100K, capacity 56040K, committed 56256K, reserved 1095680K
  class space    used 7755K, capacity 9405K, committed 9472K, reserved 1048576K
}
Event: 0.937 GC heap after
{Heap after GC invocations=7 (full 0):
 garbage-first heap   total 315392K, used 16982K [0x00000006c0000000, 0x00000007c0000000)
  region size 1024K, 11 young (11264K), 11 survivors (11264K)
 Metaspace       used 53100K, capacity 56040K, committed 56256K, reserved 1095680K
  class space    used 7755K, capacity 9405K, committed 9472K, reserved 1048576K
}
Event: 0.996 GC heap before
{Heap before GC invocations=7 (full 0):
 garbage-first heap   total 315392K, used 32342K [0x00000006c0000000, 0x00000007c0000000)
  region size 1024K, 27 young (27648K), 11 survivors (11264K)
 Metaspace       used 57179K, capacity 60333K, committed 60480K, reserved 1099776K
  class space    used 8244K, capacity 10023K, committed 10112K, reserved 1048576K
}
Event: 1.002 GC heap after
{Heap after GC invocations=8 (full 0):
 garbage-first heap   total 315392K, used 17556K [0x00000006c0000000, 0x00000007c0000000)
  region size 1024K, 9 young (9216K), 9 survivors (9216K)
 Metaspace       used 57179K, capacity 60333K, committed 60480K, reserved 1099776K
  class space    used 8244K, capacity 10023K, committed 10112K, reserved 1048576K
}

