# JRE version: OpenJDK Runtime Environment Homebrew (11.0.25) (build 11.0.25+0)
# Java VM: OpenJDK 64-Bit Server VM Homebrew (11.0.25+0, mixed mode, tiered, compressed oops, g1 gc, bsd-aarch64)
Heap:
 garbage-first heap   total 315392K, used 107883K [0x00000006c0000000, 0x00000007c0000000)
  region size 1024K, 66 young (67584K), 21 survivors (21504K)
 Metaspace       used 114661K, capacity 124258K, committed 124592K, reserved 1150976K
  class space    used 18179K, capacity 23299K, committed 23424K, reserved 1048576K
GC Heap History (16 events):
Event: 0.325 GC heap before
{Heap before GC invocations=0 (full 0):
 garbage-first heap   total 262144K, used 23552K [0x00000006c0000000, 0x00000007c0000000)
  region size 1024K, 24 young (24576K), 0 survivors (0K)
 Metaspace       used 13783K, capacity 14236K, committed 14336K, reserved 1062912K
  class space    used 1569K, capacity 1736K, committed 1792K, reserved 1048576K
}
Event: 0.327 GC heap after
{Heap after GC invocations=1 (full 0):
 garbage-first heap   total 262144K, used 1908K [0x00000006c0000000, 0x00000007c0000000)
  region size 1024K, 2 young (2048K), 2 survivors (2048K)
 Metaspace       used 13783K, capacity 14236K, committed 14336K, reserved 1062912K
  class space    used 1569K, capacity 1736K, committed 1792K, reserved 1048576K
}
Event: 1.206 GC heap before
{Heap before GC invocations=1 (full 0):
 garbage-first heap   total 262144K, used 96116K [0x00000006c0000000, 0x00000007c0000000)
  region size 1024K, 96 young (98304K), 2 survivors (2048K)
 Metaspace       used 20124K, capacity 21158K, committed 21296K, reserved 1069056K
  class space    used 2213K, capacity 2627K, committed 2688K, reserved 1048576K
}
Event: 1.215 GC heap after
{Heap after GC invocations=2 (full 0):
 garbage-first heap   total 262144K, used 5453K [0x00000006c0000000, 0x00000007c0000000)
  region size 1024K, 6 young (6144K), 6 survivors (6144K)
 Metaspace       used 20124K, capacity 21158K, committed 21296K, reserved 1069056K
  class space    used 2213K, capacity 2627K, committed 2688K, reserved 1048576K
}
Event: 1.484 GC heap before
{Heap before GC invocations=3 (full 0):
 garbage-first heap   total 262144K, used 56653K [0x00000006c0000000, 0x00000007c0000000)
  region size 1024K, 58 young (59392K), 6 survivors (6144K)
 Metaspace       used 34301K, capacity 35824K, committed 35920K, reserved 1081344K
  class space    used 3978K, capacity 4608K, committed 4608K, reserved 1048576K
}
Event: 1.489 GC heap after
{Heap after GC invocations=4 (full 0):
 garbage-first heap   total 262144K, used 9982K [0x00000006c0000000, 0x00000007c0000000)
  region size 1024K, 10 young (10240K), 10 survivors (10240K)
 Metaspace       used 34301K, capacity 35824K, committed 35920K, reserved 1081344K
  class space    used 3978K, capacity 4608K, committed 4608K, reserved 1048576K
}
Event: 1.895 GC heap before
{Heap before GC invocations=5 (full 0):
 garbage-first heap   total 262144K, used 102142K [0x00000006c0000000, 0x00000007c0000000)
  region size 1024K, 101 young (103424K), 10 survivors (10240K)
 Metaspace       used 56932K, capacity 59891K, committed 59984K, reserved 1099776K
  class space    used 7833K, capacity 9391K, committed 9472K, reserved 1048576K
}
Event: 1.905 GC heap after
{Heap after GC invocations=6 (full 0):
 garbage-first heap   total 262144K, used 17414K [0x00000006c0000000, 0x00000007c0000000)
  region size 1024K, 15 young (15360K), 15 survivors (15360K)
 Metaspace       used 56932K, capacity 59891K, committed 59984K, reserved 1099776K
  class space    used 7833K, capacity 9391K, committed 9472K, reserved 1048576K
}
Event: 2.563 GC heap before
{Heap before GC invocations=7 (full 0):
 garbage-first heap   total 262144K, used 114694K [0x00000006c0000000, 0x00000007c0000000)
  region size 1024K, 110 young (112640K), 15 survivors (15360K)
 Metaspace       used 74576K, capacity 79565K, committed 79696K, reserved 1116160K
  class space    used 11072K, capacity 13733K, committed 13824K, reserved 1048576K
}
Event: 2.573 GC heap after
{Heap after GC invocations=8 (full 0):
 garbage-first heap   total 315392K, used 24947K [0x00000006c0000000, 0x00000007c0000000)
  region size 1024K, 14 young (14336K), 14 survivors (14336K)
 Metaspace       used 74576K, capacity 79565K, committed 79696K, reserved 1116160K
  class space    used 11072K, capacity 13733K, committed 13824K, reserved 1048576K
}
Event: 3.139 GC heap before
{Heap before GC invocations=8 (full 0):
 garbage-first heap   total 315392K, used 135539K [0x00000006c0000000, 0x00000007c0000000)
  region size 1024K, 123 young (125952K), 14 survivors (14336K)
 Metaspace       used 89772K, capacity 97125K, committed 97360K, reserved 1128448K
  class space    used 14382K, capacity 18318K, committed 18432K, reserved 1048576K
}
Event: 3.146 GC heap after
{Heap after GC invocations=9 (full 0):
 garbage-first heap   total 315392K, used 30184K [0x00000006c0000000, 0x00000007c0000000)
  region size 1024K, 13 young (13312K), 13 survivors (13312K)
 Metaspace       used 89772K, capacity 97125K, committed 97360K, reserved 1128448K
  class space    used 14382K, capacity 18318K, committed 18432K, reserved 1048576K
}
Event: 3.522 GC heap before
{Heap before GC invocations=9 (full 0):
 garbage-first heap   total 315392K, used 170472K [0x00000006c0000000, 0x00000007c0000000)
  region size 1024K, 152 young (155648K), 13 survivors (13312K)
 Metaspace       used 92538K, capacity 100295K, committed 100400K, reserved 1130496K
  class space    used 14786K, capacity 18883K, committed 18944K, reserved 1048576K
}
Event: 3.531 GC heap after
{Heap after GC invocations=10 (full 0):
 garbage-first heap   total 315392K, used 31529K [0x00000006c0000000, 0x00000007c0000000)
  region size 1024K, 6 young (6144K), 6 survivors (6144K)
 Metaspace       used 92538K, capacity 100295K, committed 100400K, reserved 1130496K
  class space    used 14786K, capacity 18883K, committed 18944K, reserved 1048576K
}
Event: 4.812 GC heap before
{Heap before GC invocations=11 (full 0):
 garbage-first heap   total 315392K, used 237353K [0x00000006c0000000, 0x00000007c0000000)
  region size 1024K, 173 young (177152K), 6 survivors (6144K)
 Metaspace       used 107967K, capacity 117171K, committed 117296K, reserved 1144832K
  class space    used 17211K, capacity 22154K, committed 22272K, reserved 1048576K
}
Event: 4.822 GC heap after
{Heap after GC invocations=12 (full 0):
 garbage-first heap   total 315392K, used 46443K [0x00000006c0000000, 0x00000007c0000000)
  region size 1024K, 21 young (21504K), 21 survivors (21504K)
 Metaspace       used 107967K, capacity 117171K, committed 117296K, reserved 1144832K
  class space    used 17211K, capacity 22154K, committed 22272K, reserved 1048576K
}

