# JRE version: OpenJDK Runtime Environment Homebrew (11.0.25) (build 11.0.25+0)
# Java VM: OpenJDK 64-Bit Server VM Homebrew (11.0.25+0, mixed mode, tiered, compressed oops, g1 gc, bsd-aarch64)
Heap:
 garbage-first heap   total 400384K, used 154462K [0x00000006c0000000, 0x00000007c0000000)
  region size 1024K, 50 young (51200K), 20 survivors (20480K)
 Metaspace       used 124515K, capacity 134579K, committed 134784K, reserved 1159168K
  class space    used 19348K, capacity 24726K, committed 24784K, reserved 1048576K
GC Heap History (20 events):
Event: 0.593 GC heap before
{Heap before GC invocations=4 (full 0):
 garbage-first heap   total 262144K, used 18602K [0x00000006c0000000, 0x00000007c0000000)
  region size 1024K, 13 young (13312K), 3 survivors (3072K)
 Metaspace       used 34300K, capacity 35608K, committed 35712K, reserved 1079296K
  class space    used 4429K, capacity 5007K, committed 5072K, reserved 1048576K
}
Event: 0.595 GC heap after
{Heap after GC invocations=5 (full 0):
 garbage-first heap   total 262144K, used 9662K [0x00000006c0000000, 0x00000007c0000000)
  region size 1024K, 3 young (3072K), 3 survivors (3072K)
 Metaspace       used 34300K, capacity 35608K, committed 35712K, reserved 1079296K
  class space    used 4429K, capacity 5007K, committed 5072K, reserved 1048576K
}
Event: 0.999 GC heap before
{Heap before GC invocations=6 (full 0):
 garbage-first heap   total 262144K, used 104894K [0x00000006c0000000, 0x00000007c0000000)
  region size 1024K, 97 young (99328K), 3 survivors (3072K)
 Metaspace       used 56937K, capacity 59925K, committed 59952K, reserved 1099776K
  class space    used 8102K, capacity 9787K, committed 9808K, reserved 1048576K
}
Event: 1.004 GC heap after
{Heap after GC invocations=7 (full 0):
 garbage-first heap   total 315392K, used 16809K [0x00000006c0000000, 0x00000007c0000000)
  region size 1024K, 10 young (10240K), 10 survivors (10240K)
 Metaspace       used 56937K, capacity 59925K, committed 59952K, reserved 1099776K
  class space    used 8102K, capacity 9787K, committed 9808K, reserved 1048576K
}
Event: 1.861 GC heap before
{Heap before GC invocations=8 (full 0):
 garbage-first heap   total 315392K, used 163241K [0x00000006c0000000, 0x00000007c0000000)
  region size 1024K, 141 young (144384K), 10 survivors (10240K)
 Metaspace       used 75534K, capacity 81038K, committed 81152K, reserved 1116160K
  class space    used 11860K, capacity 14877K, committed 14928K, reserved 1048576K
}
Event: 1.868 GC heap after
{Heap after GC invocations=9 (full 0):
 garbage-first heap   total 315392K, used 39355K [0x00000006c0000000, 0x00000007c0000000)
  region size 1024K, 17 young (17408K), 17 survivors (17408K)
 Metaspace       used 75534K, capacity 81038K, committed 81152K, reserved 1116160K
  class space    used 11860K, capacity 14877K, committed 14928K, reserved 1048576K
}
Event: 2.335 GC heap before
{Heap before GC invocations=9 (full 0):
 garbage-first heap   total 315392K, used 222651K [0x00000006c0000000, 0x00000007c0000000)
  region size 1024K, 166 young (169984K), 17 survivors (17408K)
 Metaspace       used 83053K, capacity 89314K, committed 89600K, reserved 1122304K
  class space    used 13118K, capacity 16583K, committed 16720K, reserved 1048576K
}
Event: 2.347 GC heap after
{Heap after GC invocations=10 (full 0):
 garbage-first heap   total 315392K, used 37788K [0x00000006c0000000, 0x00000007c0000000)
  region size 1024K, 19 young (19456K), 19 survivors (19456K)
 Metaspace       used 83053K, capacity 89314K, committed 89600K, reserved 1122304K
  class space    used 13118K, capacity 16583K, committed 16720K, reserved 1048576K
}
Event: 2.562 GC heap before
{Heap before GC invocations=10 (full 0):
 garbage-first heap   total 315392K, used 233372K [0x00000006c0000000, 0x00000007c0000000)
  region size 1024K, 92 young (94208K), 19 survivors (19456K)
 Metaspace       used 86451K, capacity 92727K, committed 93056K, reserved 1126400K
  class space    used 13545K, capacity 17024K, committed 17104K, reserved 1048576K
}
Event: 2.572 GC heap after
{Heap after GC invocations=11 (full 0):
 garbage-first heap   total 315392K, used 37309K [0x00000006c0000000, 0x00000007c0000000)
  region size 1024K, 12 young (12288K), 12 survivors (12288K)
 Metaspace       used 86451K, capacity 92727K, committed 93056K, reserved 1126400K
  class space    used 13545K, capacity 17024K, committed 17104K, reserved 1048576K
}
Event: 3.414 GC heap before
{Heap before GC invocations=12 (full 0):
 garbage-first heap   total 315392K, used 260541K [0x00000006c0000000, 0x00000007c0000000)
  region size 1024K, 178 young (182272K), 12 survivors (12288K)
 Metaspace       used 96752K, capacity 103791K, committed 103808K, reserved 1134592K
  class space    used 14753K, capacity 18627K, committed 18640K, reserved 1048576K
}
Event: 3.428 GC heap after
{Heap after GC invocations=13 (full 0):
 garbage-first heap   total 400384K, used 75642K [0x00000006c0000000, 0x00000007c0000000)
  region size 1024K, 23 young (23552K), 23 survivors (23552K)
 Metaspace       used 96752K, capacity 103791K, committed 103808K, reserved 1134592K
  class space    used 14753K, capacity 18627K, committed 18640K, reserved 1048576K
}
Event: 3.682 GC heap before
{Heap before GC invocations=13 (full 0):
 garbage-first heap   total 400384K, used 105338K [0x00000006c0000000, 0x00000007c0000000)
  region size 1024K, 50 young (51200K), 23 survivors (23552K)
 Metaspace       used 101123K, capacity 108721K, committed 108928K, reserved 1138688K
  class space    used 15452K, capacity 19619K, committed 19664K, reserved 1048576K
}
Event: 3.692 GC heap after
{Heap after GC invocations=14 (full 0):
 garbage-first heap   total 400384K, used 81896K [0x00000006c0000000, 0x00000007c0000000)
  region size 1024K, 6 young (6144K), 6 survivors (6144K)
 Metaspace       used 101123K, capacity 108721K, committed 108928K, reserved 1138688K
  class space    used 15452K, capacity 19619K, committed 19664K, reserved 1048576K
}
Event: 4.440 GC heap before
{Heap before GC invocations=14 (full 0):
 garbage-first heap   total 400384K, used 212968K [0x00000006c0000000, 0x00000007c0000000)
  region size 1024K, 135 young (138240K), 6 survivors (6144K)
 Metaspace       used 107748K, capacity 116388K, committed 116480K, reserved 1144832K
  class space    used 16773K, capacity 21534K, committed 21584K, reserved 1048576K
}
Event: 4.446 GC heap after
{Heap after GC invocations=15 (full 0):
 garbage-first heap   total 400384K, used 92008K [0x00000006c0000000, 0x00000007c0000000)
  region size 1024K, 16 young (16384K), 16 survivors (16384K)
 Metaspace       used 107748K, capacity 116388K, committed 116480K, reserved 1144832K
  class space    used 16773K, capacity 21534K, committed 21584K, reserved 1048576K
}
Event: 5.028 GC heap before
{Heap before GC invocations=15 (full 0):
 garbage-first heap   total 400384K, used 230248K [0x00000006c0000000, 0x00000007c0000000)
  region size 1024K, 152 young (155648K), 16 survivors (16384K)
 Metaspace       used 121973K, capacity 131577K, committed 131840K, reserved 1157120K
  class space    used 18931K, capacity 24118K, committed 24144K, reserved 1048576K
}
Event: 5.036 GC heap after
{Heap after GC invocations=16 (full 0):
 garbage-first heap   total 400384K, used 99707K [0x00000006c0000000, 0x00000007c0000000)
  region size 1024K, 9 young (9216K), 9 survivors (9216K)
 Metaspace       used 121973K, capacity 131577K, committed 131840K, reserved 1157120K
  class space    used 18931K, capacity 24118K, committed 24144K, reserved 1048576K
}
Event: 5.452 GC heap before
{Heap before GC invocations=16 (full 0):
 garbage-first heap   total 400384K, used 251259K [0x00000006c0000000, 0x00000007c0000000)
  region size 1024K, 154 young (157696K), 9 survivors (9216K)
 Metaspace       used 123939K, capacity 133911K, committed 134016K, reserved 1159168K
  class space    used 19223K, capacity 24521K, committed 24528K, reserved 1048576K
}
Event: 5.466 GC heap after
{Heap after GC invocations=17 (full 0):
 garbage-first heap   total 400384K, used 124766K [0x00000006c0000000, 0x00000007c0000000)
  region size 1024K, 20 young (20480K), 20 survivors (20480K)
 Metaspace       used 123939K, capacity 133911K, committed 134016K, reserved 1159168K
  class space    used 19223K, capacity 24521K, committed 24528K, reserved 1048576K
}

